<!DOCTYPE html PUBLIC "-//W3C//DTD XHTML 1.1//EN" "https://www.w3.org/TR/xhtml11/DTD/xhtml11.dtd">
<html xmlns="https://www.w3.org/1999/xhtml">
<head>
<meta charset='utf-8'>
<title>TestNG Report</title>
<style type="text/css">
table {margin-bottom:10px;border-collapse:collapse;empty-cells:show}
td,th {border:1px solid #009;padding:.25em .5em}
.result th {vertical-align:bottom}
.param th {padding-left:1em;padding-right:1em}
.param td {padding-left:.5em;padding-right:2em}
.stripe td,.stripe th {background-color: #E6EBF9}
.numi,.numi_attn {text-align:right}
.total td {font-weight:bold}
.passedodd td {background-color: #0A0}
.passedeven td {background-color: #3F3}
.skippedodd td {background-color: #CCC}
.skippedodd td {background-color: #DDD}
.failedodd td,.numi_attn {background-color: #F33}
.failedeven td,.stripe .numi_attn {background-color: #D00}
.stacktrace {white-space:pre;font-family:monospace}
.totop {font-size:85%;text-align:center;border-bottom:2px solid #000}
</style>
</head>
<body>
<table cellspacing="0" cellpadding="0" class="testOverview">
<tr><th>Test</th><th>Methods<br/>Passed</th><th>Scenarios<br/>Passed</th><th># skipped</th><th># failed</th><th>Total<br/>Time</th><th>Included<br/>Groups</th><th>Excluded<br/>Groups</th></tr>
<tr><td style="text-align:left;padding-right:2em"><a href="#t1">TestNG Test3</a></td><td class="numi">3</td><td class="numi">3</td><td class="numi">0</td><td class="numi">0</td><td class="numi">0.0 seconds</td><td class="numi"></td><td class="numi"></td></tr>
<tr class="stripe"><td style="text-align:left;padding-right:2em"><a href="#t2">Data Provider Test</a></td><td class="numi">0</td><td class="numi">0</td><td class="numi_attn">2</td><td class="numi">0</td><td class="numi">4.6 seconds</td><td class="numi"></td><td class="numi"></td></tr>
<tr class="total"><td>Total</td>
<td class="numi">3</td><td class="numi">3</td><td class="numi_attn">2</td><td class="numi">0</td><td class="numi">4.6 seconds</td><td colspan="2">&nbsp;</td></tr>
</table>
<table cellspacing="0" cellpadding="0" class="methodOverview" id="summary">
<tr><th>Class</th><th>Method</th><th># of<br/>Scenarios</th><th>Start</th><th>Time<br/>(ms)</th></tr>
<tr id="t1"><th colspan="5">TestNG Test3 &#8212; passed</th></tr>
<tr class="passedodd"><td rowspan="3">com.selenium.integration.testframework.TestNGDemo3</td><td><a href="#m1"><b>addCustomerTest</b> (add customer) ("add customer test")</a></td><td class="numi">1</td><td>1678909198453</td><td class="numi">1</td></tr><tr class="passedodd"><td><a href="#m2"><b>updateCustomerTest</b>  ("update customer test")</a></td><td class="numi">1</td><td>1678909198459</td><td class="numi">0</td></tr><tr class="passedodd"><td><a href="#m3"><b>verifyDeleteCustomerTest</b>  ("delete customer test")</a></td><td class="numi">1</td><td>1678909198461</td><td class="numi">0</td></tr>
<tr id="t2"><th colspan="5">Data Provider Test &#8212; failed (configuration methods)</th></tr>
<tr class="failedodd"><td>com.selenium.integration.testframework.DataProviderDemo</td><td><a href="#m4"><b>setUp</b>  </a></td><td class="numi">1</td><td>1678909198431</td><td class="numi">4638</td></tr>
<tr><th colspan="5">Data Provider Test &#8212; skipped (configuration methods)</th></tr>
<tr class="skippedodd"><td>com.selenium.integration.testframework.DataProviderDemo</td><td><a href="#m5"><b>tearDown</b>  </a></td><td class="numi">1</td><td>1678909203077</td><td class="numi">0</td></tr>
<tr><th colspan="5">Data Provider Test &#8212; skipped</th></tr>
<tr class="skippedodd"><td rowspan="2">com.selenium.integration.testframework.DataProviderDemo</td><td><a href="#m6"><b>loginTest</b>  </a></td><td class="numi">2</td><td>1678909203076</td><td class="numi">1</td></tr><tr class="skippedodd"><td><a href="#m7"><b>loginTest</b>  </a></td><td class="numi">2</td><td>1678909203076</td><td class="numi">1</td></tr>
</table>
<h1>TestNG Test3</h1>
<h2 id="m1">com.selenium.integration.testframework.TestNGDemo3:addCustomerTest</h2>
<p class="totop"><a href="#summary">back to summary</a></p>
<h2 id="m2">com.selenium.integration.testframework.TestNGDemo3:updateCustomerTest</h2>
<p class="totop"><a href="#summary">back to summary</a></p>
<h2 id="m3">com.selenium.integration.testframework.TestNGDemo3:verifyDeleteCustomerTest</h2>
<p class="totop"><a href="#summary">back to summary</a></p>
<h1>Data Provider Test</h1>
<h2 id="m4">com.selenium.integration.testframework.DataProviderDemo:setUp</h2>
<table cellspacing="0" cellpadding="0" class="result">
<tr class="param"><th>Parameter #1</th></tr>
<tr class="param stripe"><td>org.testng.TestRunner@6c64cb25</td>
</tr>
<tr><td>
<div class="stacktrace">org.openqa.selenium.remote.http.ConnectionFailedException: Unable to establish websocket connection to http://localhost:62547/devtools/browser/ed7912ad-999e-40a0-ac1b-2bcd0be33210
Build info: version: &apos;4.4.0&apos;, revision: &apos;e5c75ed026a&apos;
System info: host: &apos;DESKTOP-IFD8GGP&apos;, ip: &apos;192.168.1.110&apos;, os.name: &apos;Windows 11&apos;, os.arch: &apos;amd64&apos;, os.version: &apos;10.0&apos;, java.version: &apos;18.0.2.1&apos;
Driver info: driver.version: ChromeDriver
	at org.openqa.selenium.remote.http.netty.NettyWebSocket.&lt;init&gt;(NettyWebSocket.java:102)
	at org.openqa.selenium.remote.http.netty.NettyWebSocket.lambda$create$3(NettyWebSocket.java:128)
	at org.openqa.selenium.remote.http.netty.NettyClient.openSocket(NettyClient.java:106)
	at org.openqa.selenium.devtools.Connection.&lt;init&gt;(Connection.java:77)
	at org.openqa.selenium.chromium.ChromiumDriver.lambda$new$2(ChromiumDriver.java:116)
	at java.base/java.util.Optional.map(Optional.java:260)
	at org.openqa.selenium.chromium.ChromiumDriver.&lt;init&gt;(ChromiumDriver.java:114)
	at org.openqa.selenium.chrome.ChromeDriver.&lt;init&gt;(ChromeDriver.java:81)
	at org.openqa.selenium.chrome.ChromeDriver.&lt;init&gt;(ChromeDriver.java:70)
	at com.selenium.integration.pageobjectpattern.TestBase.setUpBrowser(TestBase.java:15)
	at com.selenium.integration.testframework.DataProviderDemo.setUp(DataProviderDemo.java:14)
	at java.base/java.util.ArrayList.forEach(ArrayList.java:1511)
	at java.base/java.util.concurrent.FutureTask.run(FutureTask.java:264)
	at java.base/java.util.concurrent.ThreadPoolExecutor.runWorker(ThreadPoolExecutor.java:1136)
	at java.base/java.util.concurrent.ThreadPoolExecutor$Worker.run(ThreadPoolExecutor.java:635)
	at java.base/java.lang.Thread.run(Thread.java:833)
... Removed 13 stack frames</div>
</td></tr>
</table>
<p class="totop"><a href="#summary">back to summary</a></p>
<h2 id="m5">com.selenium.integration.testframework.DataProviderDemo:tearDown</h2>
<p class="totop"><a href="#summary">back to summary</a></p>
<h2 id="m6">com.selenium.integration.testframework.DataProviderDemo:loginTest</h2>
<table cellspacing="0" cellpadding="0" class="result">
<tr class="param"><th>Parameter #1</th><th>Parameter #2</th></tr>
<tr class="param stripe"><td>testautomation2</td>
<td>automation123!</td>
</tr>
<tr><td colspan="2">
<div class="stacktrace">org.openqa.selenium.remote.http.ConnectionFailedException: Unable to establish websocket connection to http://localhost:62547/devtools/browser/ed7912ad-999e-40a0-ac1b-2bcd0be33210
Build info: version: &apos;4.4.0&apos;, revision: &apos;e5c75ed026a&apos;
System info: host: &apos;DESKTOP-IFD8GGP&apos;, ip: &apos;192.168.1.110&apos;, os.name: &apos;Windows 11&apos;, os.arch: &apos;amd64&apos;, os.version: &apos;10.0&apos;, java.version: &apos;18.0.2.1&apos;
Driver info: driver.version: ChromeDriver
	at org.openqa.selenium.remote.http.netty.NettyWebSocket.&lt;init&gt;(NettyWebSocket.java:102)
	at org.openqa.selenium.remote.http.netty.NettyWebSocket.lambda$create$3(NettyWebSocket.java:128)
	at org.openqa.selenium.remote.http.netty.NettyClient.openSocket(NettyClient.java:106)
	at org.openqa.selenium.devtools.Connection.&lt;init&gt;(Connection.java:77)
	at org.openqa.selenium.chromium.ChromiumDriver.lambda$new$2(ChromiumDriver.java:116)
	at java.base/java.util.Optional.map(Optional.java:260)
	at org.openqa.selenium.chromium.ChromiumDriver.&lt;init&gt;(ChromiumDriver.java:114)
	at org.openqa.selenium.chrome.ChromeDriver.&lt;init&gt;(ChromeDriver.java:81)
	at org.openqa.selenium.chrome.ChromeDriver.&lt;init&gt;(ChromeDriver.java:70)
	at com.selenium.integration.pageobjectpattern.TestBase.setUpBrowser(TestBase.java:15)
	at com.selenium.integration.testframework.DataProviderDemo.setUp(DataProviderDemo.java:14)
	at java.base/java.util.ArrayList.forEach(ArrayList.java:1511)
	at java.base/java.util.concurrent.FutureTask.run(FutureTask.java:264)
	at java.base/java.util.concurrent.ThreadPoolExecutor.runWorker(ThreadPoolExecutor.java:1136)
	at java.base/java.util.concurrent.ThreadPoolExecutor$Worker.run(ThreadPoolExecutor.java:635)
	at java.base/java.lang.Thread.run(Thread.java:833)
... Removed 13 stack frames</div>
</td></tr>
</table>
<p class="totop"><a href="#summary">back to summary</a></p>
<h2 id="m7">com.selenium.integration.testframework.DataProviderDemo:loginTest</h2>
<table cellspacing="0" cellpadding="0" class="result">
<tr class="param"><th>Parameter #1</th><th>Parameter #2</th></tr>
<tr class="param stripe"><td>testautomation1</td>
<td>automation123!</td>
</tr>
<tr><td colspan="2">
<div class="stacktrace">org.openqa.selenium.remote.http.ConnectionFailedException: Unable to establish websocket connection to http://localhost:62547/devtools/browser/ed7912ad-999e-40a0-ac1b-2bcd0be33210
Build info: version: &apos;4.4.0&apos;, revision: &apos;e5c75ed026a&apos;
System info: host: &apos;DESKTOP-IFD8GGP&apos;, ip: &apos;192.168.1.110&apos;, os.name: &apos;Windows 11&apos;, os.arch: &apos;amd64&apos;, os.version: &apos;10.0&apos;, java.version: &apos;18.0.2.1&apos;
Driver info: driver.version: ChromeDriver
	at org.openqa.selenium.remote.http.netty.NettyWebSocket.&lt;init&gt;(NettyWebSocket.java:102)
	at org.openqa.selenium.remote.http.netty.NettyWebSocket.lambda$create$3(NettyWebSocket.java:128)
	at org.openqa.selenium.remote.http.netty.NettyClient.openSocket(NettyClient.java:106)
	at org.openqa.selenium.devtools.Connection.&lt;init&gt;(Connection.java:77)
	at org.openqa.selenium.chromium.ChromiumDriver.lambda$new$2(ChromiumDriver.java:116)
	at java.base/java.util.Optional.map(Optional.java:260)
	at org.openqa.selenium.chromium.ChromiumDriver.&lt;init&gt;(ChromiumDriver.java:114)
	at org.openqa.selenium.chrome.ChromeDriver.&lt;init&gt;(ChromeDriver.java:81)
	at org.openqa.selenium.chrome.ChromeDriver.&lt;init&gt;(ChromeDriver.java:70)
	at com.selenium.integration.pageobjectpattern.TestBase.setUpBrowser(TestBase.java:15)
	at com.selenium.integration.testframework.DataProviderDemo.setUp(DataProviderDemo.java:14)
	at java.base/java.util.ArrayList.forEach(ArrayList.java:1511)
	at java.base/java.util.concurrent.FutureTask.run(FutureTask.java:264)
	at java.base/java.util.concurrent.ThreadPoolExecutor.runWorker(ThreadPoolExecutor.java:1136)
	at java.base/java.util.concurrent.ThreadPoolExecutor$Worker.run(ThreadPoolExecutor.java:635)
	at java.base/java.lang.Thread.run(Thread.java:833)
... Removed 13 stack frames</div>
</td></tr>
</table>
<p class="totop"><a href="#summary">back to summary</a></p>
</body></html>
